TN:
SF:script/Contract.s.sol
FN:7,ContractScript.setUp
FNDA:0,ContractScript.setUp
FN:9,ContractScript.run
FNDA:0,ContractScript.run
DA:10,0
FNF:2
FNH:0
LF:1
LH:0
BRF:0
BRH:0
end_of_record
TN:
SF:src/AuctionBull.sol
FN:196,AuctionBull.setAuctionManager
FNDA:3,AuctionBull.setAuctionManager
DA:197,2
BRDA:197,0,0,1
BRDA:197,0,1,1
DA:199,1
DA:201,1
FN:208,AuctionBull.setFullRebalanceClearingPriceTolerance
FNDA:2,AuctionBull.setFullRebalanceClearingPriceTolerance
DA:213,1
BRDA:213,1,0,-
BRDA:213,1,1,1
DA:215,1
DA:219,1
FN:226,AuctionBull.setRebalanceWethLimitPriceTolerance
FNDA:2,AuctionBull.setRebalanceWethLimitPriceTolerance
DA:231,1
BRDA:231,2,0,-
BRDA:231,2,1,1
DA:235,1
DA:239,1
FN:248,AuctionBull.setCrUpperAndLower
FNDA:3,AuctionBull.setCrUpperAndLower
DA:249,2
BRDA:249,3,0,1
BRDA:249,3,1,1
DA:251,1
DA:253,1
DA:254,1
FN:263,AuctionBull.setDeltaUpperAndLower
FNDA:3,AuctionBull.setDeltaUpperAndLower
DA:264,2
BRDA:264,4,0,1
BRDA:264,4,1,1
DA:266,1
DA:268,1
DA:269,1
FN:281,AuctionBull.fullRebalance
FNDA:6,AuctionBull.fullRebalance
DA:290,6
BRDA:290,5,0,1
BRDA:290,5,1,5
DA:291,5
BRDA:291,6,0,-
BRDA:291,6,1,5
DA:293,5
DA:294,5
DA:296,5
DA:297,5
DA:298,5
DA:301,5
BRDA:301,7,0,-
BRDA:301,7,1,-
DA:305,2
DA:306,2
DA:307,2
DA:309,2
DA:310,2
DA:311,3
DA:313,3
DA:315,3
BRDA:315,8,0,1
BRDA:315,8,1,2
DA:316,3
BRDA:316,9,0,1
BRDA:316,9,1,2
DA:318,0
BRDA:318,10,0,-
BRDA:318,10,1,-
DA:320,2
DA:322,2
DA:324,2
BRDA:324,11,0,-
BRDA:324,11,1,1
DA:325,1
DA:327,1
DA:339,1
DA:349,1
DA:350,1
DA:351,1
DA:352,1
DA:353,1
BRDA:353,12,0,-
BRDA:353,12,1,-
DA:354,0
DA:356,1
DA:364,3
DA:365,3
DA:366,3
DA:368,3
DA:369,3
DA:370,4
DA:372,3
DA:374,3
BRDA:374,13,0,-
BRDA:374,13,1,-
DA:375,0
BRDA:375,14,0,-
BRDA:375,14,1,-
DA:377,3
BRDA:377,15,0,1
BRDA:377,15,1,2
DA:379,2
DA:381,2
DA:383,2
BRDA:383,16,0,-
BRDA:383,16,1,1
DA:384,1
DA:386,1
DA:391,1
DA:394,1
DA:395,1
DA:396,1
DA:397,1
DA:398,1
BRDA:398,17,0,-
BRDA:398,17,1,-
DA:399,0
DA:401,1
DA:406,1
DA:415,2
FN:427,AuctionBull.leverageRebalance
FNDA:3,AuctionBull.leverageRebalance
DA:433,3
BRDA:433,18,0,-
BRDA:433,18,1,3
DA:435,3
DA:437,3
BRDA:437,19,0,-
BRDA:437,19,1,1
DA:439,1
DA:450,2
DA:461,3
DA:463,2
FN:467,AuctionBull.DOMAIN_SEPARATOR
FNDA:0,AuctionBull.DOMAIN_SEPARATOR
DA:468,0
FN:475,AuctionBull.getCurrentDeltaAndCollatRatio
FNDA:4,AuctionBull.getCurrentDeltaAndCollatRatio
DA:476,4
FN:479,AuctionBull._executeCrabDeposit
FNDA:1,AuctionBull._executeCrabDeposit
DA:480,1
DA:481,1
DA:482,1
DA:483,1
DA:484,1
BRDA:484,20,0,-
BRDA:484,20,1,1
DA:485,1
DA:486,1
DA:487,1
DA:499,0
DA:500,0
DA:501,0
FN:517,AuctionBull._uniFlashSwap
FNDA:5,AuctionBull._uniFlashSwap
DA:519,5
BRDA:518,21,0,-
BRDA:518,21,1,1
DA:522,1
DA:526,1
DA:528,4
BRDA:527,22,0,-
BRDA:527,22,1,2
DA:531,2
DA:533,2
DA:537,2
DA:539,2
BRDA:538,23,0,-
BRDA:538,23,1,1
DA:542,1
DA:543,1
DA:547,1
DA:549,1
BRDA:548,24,0,-
BRDA:548,24,1,-
DA:552,0
DA:554,0
DA:559,0
DA:561,1
BRDA:560,25,0,-
BRDA:560,25,1,1
DA:564,1
DA:565,1
DA:567,1
DA:571,1
DA:573,1
DA:575,0
BRDA:574,26,0,-
BRDA:574,26,1,-
DA:578,0
DA:579,0
DA:581,0
DA:583,0
DA:587,0
DA:589,0
FN:593,AuctionBull._executeLeverageComponentRebalancing
FNDA:1,AuctionBull._executeLeverageComponentRebalancing
DA:596,1
DA:597,1
DA:598,1
BRDA:598,27,0,-
BRDA:598,27,1,1
DA:599,1
DA:600,1
DA:610,0
DA:611,0
FN:623,AuctionBull._transferToOrder
FNDA:2,AuctionBull._transferToOrder
DA:627,2
BRDA:627,28,0,-
BRDA:627,28,1,2
DA:628,0
DA:631,2
BRDA:631,29,0,-
BRDA:631,29,1,1
DA:633,1
DA:637,1
DA:638,1
FN:642,AuctionBull._transferFromOrder
FNDA:4,AuctionBull._transferFromOrder
DA:648,4
BRDA:648,30,0,-
BRDA:648,30,1,4
DA:649,0
DA:652,4
BRDA:652,31,0,-
BRDA:652,31,1,2
DA:655,2
DA:656,2
DA:659,2
FN:663,AuctionBull._verifyOrder
FNDA:7,AuctionBull._verifyOrder
DA:667,7
BRDA:667,32,0,-
BRDA:667,32,1,7
DA:669,7
BRDA:669,33,0,-
BRDA:669,33,1,3
DA:670,3
BRDA:670,34,0,-
BRDA:670,34,1,3
DA:672,4
BRDA:672,35,0,-
BRDA:672,35,1,4
DA:675,7
DA:676,7
DA:689,7
DA:690,7
DA:691,7
BRDA:691,36,0,1
BRDA:691,36,1,6
DA:692,6
BRDA:692,37,0,-
BRDA:692,37,1,6
FN:700,AuctionBull._useNonce
FNDA:7,AuctionBull._useNonce
DA:701,7
BRDA:701,38,0,-
BRDA:701,38,1,7
DA:702,7
FN:708,AuctionBull._isValidRebalance
FNDA:5,AuctionBull._isValidRebalance
DA:709,5
DA:711,5
BRDA:711,39,0,-
BRDA:711,39,1,5
DA:712,5
BRDA:712,40,0,1
BRDA:712,40,1,4
FN:715,AuctionBull._calcWPowerPerpAmountFromCrab
FNDA:5,AuctionBull._calcWPowerPerpAmountFromCrab
DA:721,5
DA:722,5
BRDA:722,41,0,-
BRDA:722,41,1,2
DA:723,2
DA:724,2
DA:725,2
DA:728,3
DA:731,5
FN:738,AuctionBull._getCurrentDeltaAndCollatRatio
FNDA:9,AuctionBull._getCurrentDeltaAndCollatRatio
DA:739,9
DA:740,9
DA:741,9
DA:742,9
DA:743,9
DA:747,9
DA:748,9
DA:750,9
DA:756,9
DA:758,9
FN:764,AuctionBull._calcWsqueethToMintAndFee
FNDA:2,AuctionBull._calcWsqueethToMintAndFee
DA:769,2
DA:770,2
DA:771,2
DA:772,2
DA:775,2
DA:777,2
FN:785,AuctionBull._checkFullRebalanceClearingPrice
FNDA:5,AuctionBull._checkFullRebalanceClearingPrice
DA:790,5
DA:792,5
BRDA:792,42,0,-
BRDA:792,42,1,2
DA:793,2
BRDA:793,43,0,-
BRDA:793,43,1,2
DA:799,3
BRDA:799,44,0,-
BRDA:799,44,1,3
FN:811,AuctionBull._checkRebalanceLimitPrice
FNDA:8,AuctionBull._checkRebalanceLimitPrice
DA:813,8
DA:815,8
BRDA:815,45,0,-
BRDA:815,45,1,8
FNF:22
FNH:21
LF:184
LH:162
BRF:92
BRH:47
end_of_record
TN:
SF:src/BullStrategy.sol
FN:95,BullStrategy.farm
FNDA:3,BullStrategy.farm
DA:96,2
BRDA:96,0,0,1
BRDA:96,0,1,1
DA:102,1
FN:109,BullStrategy.setCap
FNDA:3,BullStrategy.setCap
DA:110,1
BRDA:110,1,0,-
BRDA:110,1,1,1
DA:112,1
DA:114,1
FN:121,BullStrategy.setShutdownContract
FNDA:5,BullStrategy.setShutdownContract
DA:122,4
BRDA:122,2,0,1
BRDA:122,2,1,3
DA:124,3
DA:126,3
FN:134,BullStrategy.deposit
FNDA:1045,BullStrategy.deposit
DA:135,1045
BRDA:135,3,0,1
BRDA:135,3,1,1044
DA:136,1044
DA:137,1044
DA:139,1044
DA:140,1044
DA:142,1044
BRDA:142,4,0,1040
BRDA:142,4,1,4
DA:143,1040
DA:145,4
DA:146,4
DA:147,4
DA:150,1044
DA:151,1044
DA:155,1042
BRDA:155,5,0,1
BRDA:155,5,1,1041
DA:157,1041
FN:164,BullStrategy.withdraw
FNDA:519,BullStrategy.withdraw
DA:165,519
BRDA:165,6,0,1
BRDA:165,6,1,518
DA:166,518
DA:167,518
DA:168,518
DA:169,518
DA:170,518
DA:172,518
DA:173,518
DA:174,518
DA:176,518
DA:177,518
DA:179,518
DA:181,518
DA:183,518
FN:186,BullStrategy.redeemCrabAndWithdrawWEth
FNDA:1,BullStrategy.redeemCrabAndWithdrawWEth
DA:189,1
BRDA:189,7,0,-
BRDA:189,7,1,1
DA:191,1
DA:192,1
DA:193,1
DA:195,1
DA:196,1
DA:198,1
FN:201,BullStrategy.depositEthIntoCrab
FNDA:1,BullStrategy.depositEthIntoCrab
DA:202,1
BRDA:202,8,0,-
BRDA:202,8,1,1
DA:204,1
DA:205,1
DA:207,1
DA:209,1
FN:212,BullStrategy.shutdownRepayAndWithdraw
FNDA:4,BullStrategy.shutdownRepayAndWithdraw
DA:213,4
BRDA:213,9,0,1
BRDA:213,9,1,3
DA:214,3
BRDA:214,10,0,2
BRDA:214,10,1,3
DA:215,2
DA:218,3
DA:219,3
DA:220,3
DA:222,3
DA:223,3
DA:224,3
FN:232,BullStrategy.withdrawShutdown
FNDA:6,BullStrategy.withdrawShutdown
DA:233,6
BRDA:233,11,0,1
BRDA:233,11,1,5
DA:234,5
DA:235,5
DA:236,5
DA:237,5
FN:244,BullStrategy.getCrabBalance
FNDA:811,BullStrategy.getCrabBalance
DA:245,811
FN:248,BullStrategy.getCrabVaultDetails
FNDA:1059,BullStrategy.getCrabVaultDetails
DA:249,1059
FN:256,BullStrategy._increaseCrabBalance
FNDA:1044,BullStrategy._increaseCrabBalance
DA:257,1044
DA:258,1044
FN:265,BullStrategy._decreaseCrabBalance
FNDA:521,BullStrategy._decreaseCrabBalance
DA:266,521
DA:267,521
FN:270,BullStrategy._getCrabVaultDetails
FNDA:2621,BullStrategy._getCrabVaultDetails
DA:271,2621
DA:272,2621
DA:274,2621
FNF:14
FNH:14
LF:71
LH:71
BRF:24
BRH:21
end_of_record
TN:
SF:src/EmergencyShutdown.sol
FN:64,EmergencyShutdown.redeemShortShutdown
FNDA:5,EmergencyShutdown.redeemShortShutdown
DA:65,4
BRDA:65,0,0,1
BRDA:65,0,1,3
DA:66,3
DA:67,3
FN:82,EmergencyShutdown._uniFlashSwap
FNDA:3,EmergencyShutdown._uniFlashSwap
DA:83,3
BRDA:83,1,0,-
BRDA:83,1,1,3
DA:84,3
DA:85,3
DA:87,3
DA:88,3
DA:93,3
FNF:2
FNH:2
LF:9
LH:9
BRF:4
BRH:3
end_of_record
TN:
SF:src/FlashBull.sol
FN:123,FlashBull.flashDeposit
FNDA:262,FlashBull.flashDeposit
DA:124,262
DA:125,262
DA:126,262
DA:127,262
DA:129,262
DA:131,262
DA:132,262
DA:133,262
DA:134,262
DA:137,262
DA:143,262
DA:153,260
DA:154,260
DA:155,260
BRDA:155,0,0,259
BRDA:155,0,1,1
DA:156,259
DA:158,1
DA:160,260
DA:165,260
DA:176,259
BRDA:176,1,0,259
BRDA:176,1,1,259
DA:177,259
DA:180,259
FN:183,FlashBull.flashWithdraw
FNDA:262,FlashBull.flashWithdraw
DA:184,262
DA:186,261
DA:187,261
DA:188,261
DA:191,261
DA:192,261
DA:193,261
DA:194,261
DA:195,261
DA:196,261
DA:200,261
DA:217,259
DA:219,259
FN:226,FlashBull._uniFlashSwap
FNDA:1044,FlashBull._uniFlashSwap
DA:227,1044
BRDA:227,2,0,-
BRDA:227,2,1,261
DA:228,262
DA:229,262
DA:232,262
DA:233,262
DA:236,261
DA:238,782
BRDA:237,3,0,-
BRDA:237,3,1,260
DA:241,260
DA:242,260
DA:243,260
DA:245,260
DA:246,260
DA:249,260
DA:250,522
BRDA:250,4,0,-
BRDA:250,4,1,260
DA:252,261
DA:253,261
DA:255,261
DA:258,261
DA:268,260
DA:269,260
DA:270,261
BRDA:270,5,0,-
BRDA:270,5,1,261
DA:271,261
DA:272,261
DA:274,261
DA:275,261
DA:277,261
DA:278,261
FN:285,FlashBull._calcWsqueethToMintAndFee
FNDA:262,FlashBull._calcWsqueethToMintAndFee
DA:291,262
DA:292,262
DA:293,262
DA:296,262
DA:298,262
FN:308,FlashBull._calcSharesToMint
FNDA:262,FlashBull._calcSharesToMint
DA:313,262
DA:315,262
BRDA:315,6,0,262
BRDA:315,6,1,-
DA:316,262
DA:319,0
FNF:5
FNH:5
LF:70
LH:69
BRF:14
BRH:9
end_of_record
TN:
SF:src/LeverageBull.sol
FN:95,LeverageBull.setAuction
FNDA:0,LeverageBull.setAuction
DA:96,0
BRDA:96,0,0,-
BRDA:96,0,1,-
DA:98,0
DA:100,0
FN:103,LeverageBull.auctionRepayAndWithdrawFromLeverage
FNDA:2,LeverageBull.auctionRepayAndWithdrawFromLeverage
DA:106,2
BRDA:106,1,0,-
BRDA:106,1,1,2
DA:108,2
BRDA:108,2,0,-
BRDA:108,2,1,2
DA:109,2
DA:110,2
DA:112,2
BRDA:112,3,0,-
BRDA:112,3,1,2
DA:113,2
DA:114,2
DA:117,2
FN:120,LeverageBull.depositAndBorrowFromLeverage
FNDA:3,LeverageBull.depositAndBorrowFromLeverage
DA:121,3
BRDA:121,4,0,-
BRDA:121,4,1,3
DA:123,3
BRDA:123,5,0,-
BRDA:123,5,1,3
DA:124,3
DA:125,3
DA:127,3
BRDA:127,6,0,-
BRDA:127,6,1,3
DA:128,3
DA:129,3
FN:133,LeverageBull.calcLeverageEthUsdc
FNDA:522,LeverageBull.calcLeverageEthUsdc
DA:140,522
FN:150,LeverageBull.calcUsdcToRepay
FNDA:534,LeverageBull.calcUsdcToRepay
DA:151,534
FN:159,LeverageBull.calcWethToWithdraw
FNDA:5,LeverageBull.calcWethToWithdraw
DA:160,5
FN:174,LeverageBull._leverageDeposit
FNDA:1044,LeverageBull._leverageDeposit
DA:182,1044
DA:186,1044
BRDA:186,7,0,2
BRDA:186,7,1,1042
DA:188,1042
DA:189,1042
DA:191,1042
FN:199,LeverageBull._depositWethInEuler
FNDA:1042,LeverageBull._depositWethInEuler
DA:200,1042
BRDA:200,8,0,-
BRDA:200,8,1,1042
DA:201,1042
DA:202,1042
FN:209,LeverageBull._borrowUsdcFromEuler
FNDA:1042,LeverageBull._borrowUsdcFromEuler
DA:210,1042
FN:217,LeverageBull._repayAndWithdrawFromLeverage
FNDA:521,LeverageBull._repayAndWithdrawFromLeverage
DA:218,521
DA:219,521
DA:221,521
DA:222,521
DA:223,521
DA:225,521
DA:227,521
FN:230,LeverageBull._calcLeverageWethUsdc
FNDA:1566,LeverageBull._calcLeverageWethUsdc
DA:238,1566
BRDA:238,9,0,1560
BRDA:238,9,1,6
DA:239,1560
DA:240,1560
DA:241,1560
DA:242,1560
DA:247,1560
DA:248,1560
DA:249,1560
DA:250,1560
DA:251,1560
DA:254,6
DA:257,6
DA:258,6
DA:259,6
FN:267,LeverageBull._calcWethToWithdraw
FNDA:526,LeverageBull._calcWethToWithdraw
DA:268,526
FN:276,LeverageBull._calcUsdcToRepay
FNDA:1055,LeverageBull._calcUsdcToRepay
DA:277,1055
FN:280,LeverageBull._isAuction
FNDA:0,LeverageBull._isAuction
DA:281,0
FNF:14
FNH:12
LF:54
LH:50
BRF:20
BRH:11
end_of_record
TN:
SF:src/UniFlash.sol
FN:64,UniFlash.uniswapV3SwapCallback
FNDA:1052,UniFlash.uniswapV3SwapCallback
DA:68,1052
BRDA:68,0,0,-
BRDA:68,0,1,1052
DA:70,1052
DA:71,1052
DA:74,1052
DA:77,1052
DA:80,1052
FN:99,UniFlash._uniFlashSwap
FNDA:0,UniFlash._uniFlashSwap
FN:111,UniFlash._exactInFlashSwap
FNDA:523,UniFlash._exactInFlashSwap
DA:121,523
DA:134,522
BRDA:134,1,0,2
BRDA:134,1,1,520
DA:136,520
FN:149,UniFlash._exactOutFlashSwap
FNDA:529,UniFlash._exactOutFlashSwap
DA:159,529
DA:172,528
BRDA:172,2,0,2
BRDA:172,2,1,526
FN:182,UniFlash._exactInputInternal
FNDA:523,UniFlash._exactInputInternal
DA:188,523
DA:193,523
DA:196,523
DA:207,522
FN:217,UniFlash._exactOutputInternal
FNDA:529,UniFlash._exactOutputInternal
DA:223,529
DA:228,529
DA:231,529
DA:242,528
DA:247,528
BRDA:247,3,0,-
BRDA:247,3,1,528
BRDA:247,4,0,-
BRDA:247,4,1,528
DA:249,528
FN:259,UniFlash._getPool
FNDA:1052,UniFlash._getPool
DA:264,1052
FNF:7
FNH:6
LF:22
LH:22
BRF:10
BRH:7
end_of_record
TN:
SF:src/UniOracle.sol
FN:36,UniOracle._getTwap
FNDA:295,UniOracle._getTwap
DA:44,295
BRDA:44,0,0,295
BRDA:44,0,1,-
DA:47,0
DA:48,0
DA:49,0
FN:61,UniOracle._fetchTwap
FNDA:295,UniOracle._fetchTwap
DA:66,295
DA:67,295
DA:68,295
DA:70,295
DA:71,295
DA:72,295
BRDA:72,1,0,278
BRDA:72,1,1,17
DA:75,17
BRDA:75,2,0,17
BRDA:75,2,1,-
DA:76,17
DA:80,0
FN:88,UniOracle._getMaxPeriod
FNDA:0,UniOracle._getMaxPeriod
DA:89,0
DA:92,0
DA:96,0
DA:98,0
DA:99,0
DA:101,0
BRDA:101,3,0,-
BRDA:101,3,1,-
DA:106,0
DA:108,0
FNF:3
FNH:2
LF:21
LH:9
BRF:8
BRH:4
end_of_record
TN:
SF:test/util/SigUtil.sol
FN:28,SigUtil.getStructHash
FNDA:8,SigUtil.getStructHash
DA:29,8
FN:44,SigUtil.getTypedDataHash
FNDA:8,SigUtil.getTypedDataHash
DA:45,8
FNF:2
FNH:2
LF:2
LH:2
BRF:0
BRH:0
end_of_record
